dopple-mobile-app/app/build/intermediates/manifest_merge_blame_file/debug/manifest-merger-blame-debug-report.txt
1<?xml version="1.0" encoding="utf-8"?>
2<manifest xmlns:android="http://schemas.android.com/apk/res/android"
3    package="com.inf2c.doppleapp"
4    android:versionCode="6"
5    android:versionName="1.6" >
6
7    <uses-sdk
8        android:minSdkVersion="21"
8-->src\main\AndroidManifest.xml
9        android:targetSdkVersion="29" />
9-->src\main\AndroidManifest.xml
10
11    <uses-permission android:name="android.permission.ACCESS_FINE_LOCATION" />
11-->src\main\AndroidManifest.xml:6:5-79
11-->src\main\AndroidManifest.xml:6:22-76
12    <uses-permission android:name="android.permission.ACCESS_NETWORK_STATE" />
12-->src\main\AndroidManifest.xml:7:5-79
12-->src\main\AndroidManifest.xml:7:22-76
13    <uses-permission android:name="android.permission.BLUETOOTH" />
13-->src\main\AndroidManifest.xml:8:5-68
13-->src\main\AndroidManifest.xml:8:22-65
14    <uses-permission android:name="android.permission.BLUETOOTH_ADMIN" />
14-->src\main\AndroidManifest.xml:9:5-74
14-->src\main\AndroidManifest.xml:9:22-71
15    <uses-permission android:name="android.permission.ACCESS_COARSE_LOCATION" />
15-->src\main\AndroidManifest.xml:10:5-81
15-->src\main\AndroidManifest.xml:10:22-78
16    <uses-permission android:name="android.permission.ACCESS_LOCATION_EXTRA_COMMANDS" />
16-->src\main\AndroidManifest.xml:11:5-89
16-->src\main\AndroidManifest.xml:11:22-86
17    <uses-permission android:name="android.permission.WAKE_LOCK" />
17-->src\main\AndroidManifest.xml:12:5-68
17-->src\main\AndroidManifest.xml:12:22-65
18    <uses-permission android:name="android.permission.ACCESS_BACKGROUND_LOCATION" />
18-->src\main\AndroidManifest.xml:13:5-85
18-->src\main\AndroidManifest.xml:13:22-82
19    <uses-permission android:name="android.permission.WRITE_EXTERNAL_STORAGE" />
19-->src\main\AndroidManifest.xml:14:5-81
19-->src\main\AndroidManifest.xml:14:22-78
20    <uses-permission android:name="android.permission.READ_EXTERNAL_STORAGE" />
20-->src\main\AndroidManifest.xml:15:5-80
20-->src\main\AndroidManifest.xml:15:22-77
21    <uses-permission android:name="android.permission.INTERNET" />
21-->src\main\AndroidManifest.xml:16:5-67
21-->src\main\AndroidManifest.xml:16:22-64
22    <uses-permission android:name="android.permission.FOREGROUND_SERVICE" />
22-->src\main\AndroidManifest.xml:17:5-77
22-->src\main\AndroidManifest.xml:17:22-74
23    <uses-permission android:name="android.permission.ACCESS_WIFI_STATE" />
23-->src\main\AndroidManifest.xml:18:5-75
23-->src\main\AndroidManifest.xml:18:22-73
24    <uses-permission android:name="android.permission.ACCESS_NETWORK_STATE" />
24-->src\main\AndroidManifest.xml:7:5-79
24-->src\main\AndroidManifest.xml:7:22-76
25
26    <uses-feature
26-->src\main\AndroidManifest.xml:21:5-23:35
27        android:name="android.hardware.bluetooth_le"
27-->src\main\AndroidManifest.xml:22:9-53
28        android:required="true" />
28-->src\main\AndroidManifest.xml:23:9-32
29    <uses-feature
29-->[com.google.android.gms:play-services-maps:17.0.0] AndroidManifest.xml:26:5-28:35
30        android:glEsVersion="0x00020000"
30-->[com.google.android.gms:play-services-maps:17.0.0] AndroidManifest.xml:27:9-41
31        android:required="true" />
31-->[com.google.android.gms:play-services-maps:17.0.0] AndroidManifest.xml:28:9-32
32
33    <application
33-->src\main\AndroidManifest.xml:25:5-93:19
34        android:name="com.inf2c.doppleapp.ContextManager"
34-->src\main\AndroidManifest.xml:33:9-58
35        android:allowBackup="true"
35-->src\main\AndroidManifest.xml:26:9-35
36        android:appComponentFactory="androidx.core.app.CoreComponentFactory"
36-->[androidx.core:core:1.1.0] AndroidManifest.xml:24:18-86
37        android:configChanges="orientation|keyboardHidden|screenSize"
37-->[gr.pantrif:easy-android-splash-screen:0.0.1] AndroidManifest.xml:14:9-70
38        android:debuggable="true"
39        android:icon="@drawable/ic_doppleapplogo"
39-->src\main\AndroidManifest.xml:27:9-50
40        android:label="@string/app_name"
40-->src\main\AndroidManifest.xml:28:9-41
41        android:networkSecurityConfig="@xml/network_security_config"
41-->src\main\AndroidManifest.xml:31:9-69
42        android:roundIcon="@drawable/ic_doppleapplogo"
42-->src\main\AndroidManifest.xml:29:9-55
43        android:supportsRtl="true"
43-->src\main\AndroidManifest.xml:30:9-35
44        android:testOnly="true"
45        android:theme="@style/AppTheme" >
45-->src\main\AndroidManifest.xml:32:9-40
46
47        <!--
48             The API key for Google Maps-based APIs is defined as a string resource.
49             (See the file "res/values/google_maps_api.xml").
50             Note that the API key is linked to the encryption key used to sign the APK.
51             You need a different API key for each encryption key, including the release key that is used to
52             sign the APK for publishing.
53             You can define the keys for the debug and release targets in src/debug/ and src/release/.
54        -->
55
56        <meta-data
56-->src\main\AndroidManifest.xml:46:9-47:79
57            android:name="api_url"
57-->src\main\AndroidManifest.xml:47:13-35
58            android:value="http://94.213.105.23:8080" />
58-->src\main\AndroidManifest.xml:47:36-77
59        <meta-data
59-->src\main\AndroidManifest.xml:49:9-51:55
60            android:name="com.google.android.geo.API_KEY"
60-->src\main\AndroidManifest.xml:50:13-58
61            android:value="@string/google_maps_key" />
61-->src\main\AndroidManifest.xml:51:13-52
62
63        <activity android:name="com.inf2c.doppleapp.SessionMapActivity" />
63-->src\main\AndroidManifest.xml:53:9-54:50
63-->src\main\AndroidManifest.xml:54:13-47
64
65        <service
65-->src\main\AndroidManifest.xml:55:9-58:39
66            android:name="com.inf2c.doppleapp.heart_rate.BLEHeartRateService"
66-->src\main\AndroidManifest.xml:56:13-59
67            android:enabled="true"
67-->src\main\AndroidManifest.xml:57:13-35
68            android:exported="true" />
68-->src\main\AndroidManifest.xml:58:13-36
69        <service
69-->src\main\AndroidManifest.xml:59:9-63:55
70            android:name="com.inf2c.doppleapp.ble.BLEConnectionService"
70-->src\main\AndroidManifest.xml:60:13-53
71            android:enabled="true"
71-->src\main\AndroidManifest.xml:61:13-35
72            android:exported="true"
72-->src\main\AndroidManifest.xml:62:13-36
73            android:foregroundServiceType="location" />
73-->src\main\AndroidManifest.xml:63:13-53
74
75        <activity android:name="com.inf2c.doppleapp.DataActivity" />
75-->src\main\AndroidManifest.xml:64:9-65:44
75-->src\main\AndroidManifest.xml:65:13-41
76        <activity android:name="com.inf2c.doppleapp.SessionsActivity" />
76-->src\main\AndroidManifest.xml:66:9-67:48
76-->src\main\AndroidManifest.xml:67:13-45
77        <activity
77-->src\main\AndroidManifest.xml:68:9-78:20
78            android:name="com.inf2c.doppleapp.SplashScreenActivity"
78-->src\main\AndroidManifest.xml:69:13-49
79            android:screenOrientation="portrait" >
79-->src\main\AndroidManifest.xml:70:13-49
80            <intent-filter>
80-->src\main\AndroidManifest.xml:72:13-77:29
81                <action android:name="android.intent.action.MAIN" />
81-->src\main\AndroidManifest.xml:73:17-69
81-->src\main\AndroidManifest.xml:73:25-66
82
83                <category android:name="android.intent.category.LAUNCHER" />
83-->src\main\AndroidManifest.xml:74:17-77
83-->src\main\AndroidManifest.xml:74:27-74
84
85                <action android:name="android.net.conn.CONNECTIVITY_CHANGE" />
85-->src\main\AndroidManifest.xml:75:17-78
85-->src\main\AndroidManifest.xml:75:25-76
86                <action android:name="android.net.wifi.STATE_CHANGE" />
86-->src\main\AndroidManifest.xml:76:17-71
86-->src\main\AndroidManifest.xml:76:25-69
87            </intent-filter>
88        </activity>
89        <activity android:name="com.inf2c.doppleapp.MainActivity" />
89-->src\main\AndroidManifest.xml:79:9-80:44
89-->src\main\AndroidManifest.xml:80:13-41
90
91        <provider
91-->src\main\AndroidManifest.xml:81:9-91:20
92            android:name="androidx.core.content.FileProvider"
92-->src\main\AndroidManifest.xml:82:13-62
93            android:authorities="com.inf2c.doppleapp.fileprovider"
93-->src\main\AndroidManifest.xml:83:13-67
94            android:exported="false"
94-->src\main\AndroidManifest.xml:84:13-37
95            android:grantUriPermissions="true"
95-->src\main\AndroidManifest.xml:85:13-47
96            android:readPermission="true"
96-->src\main\AndroidManifest.xml:86:13-42
97            android:writePermission="true" >
97-->src\main\AndroidManifest.xml:87:13-43
98            <meta-data
98-->src\main\AndroidManifest.xml:88:13-90:58
99                android:name="android.support.FILE_PROVIDER_PATHS"
99-->src\main\AndroidManifest.xml:89:17-67
100                android:resource="@xml/provider_paths" />
100-->src\main\AndroidManifest.xml:90:17-55
101        </provider>
102
103        <!-- Needs to be explicitly declared on P+ -->
104        <uses-library
104-->[com.google.android.gms:play-services-maps:17.0.0] AndroidManifest.xml:33:9-35:40
105            android:name="org.apache.http.legacy"
105-->[com.google.android.gms:play-services-maps:17.0.0] AndroidManifest.xml:34:13-50
106            android:required="false" />
106-->[com.google.android.gms:play-services-maps:17.0.0] AndroidManifest.xml:35:13-37
107
108        <activity
108-->[com.google.android.gms:play-services-base:17.0.0] AndroidManifest.xml:23:9-26:75
109            android:name="com.google.android.gms.common.api.GoogleApiActivity"
109-->[com.google.android.gms:play-services-base:17.0.0] AndroidManifest.xml:24:13-79
110            android:exported="false"
110-->[com.google.android.gms:play-services-base:17.0.0] AndroidManifest.xml:25:13-37
111            android:theme="@android:style/Theme.Translucent.NoTitleBar" />
111-->[com.google.android.gms:play-services-base:17.0.0] AndroidManifest.xml:26:13-72
112
113        <meta-data
113-->[com.google.android.gms:play-services-basement:17.0.0] AndroidManifest.xml:23:9-25:69
114            android:name="com.google.android.gms.version"
114-->[com.google.android.gms:play-services-basement:17.0.0] AndroidManifest.xml:24:13-58
115            android:value="@integer/google_play_services_version" />
115-->[com.google.android.gms:play-services-basement:17.0.0] AndroidManifest.xml:25:13-66
116    </application>
117
118</manifest>